<?xml version="1.0" encoding="UTF-8"?>
<!-- Generated by org.testng.reporters.JUnitReportReporter -->
<testsuite hostname="DESKTOP-N6P94DG" failures="0" tests="3" name="javaautomation_03_testng.TNG_15_Testsuite03" time="0.014" errors="0" timestamp="2024-05-28T10:17:00 IST" skipped="0">
  <testcase classname="javaautomation_03_testng.TNG_15_Testsuite03" name="editVendor" time="0.007"/>
  <testcase classname="javaautomation_03_testng.TNG_15_Testsuite03" name="editProduct" time="0.004"/>
  <testcase classname="javaautomation_03_testng.TNG_15_Testsuite03" name="editCurrency" time="0.003"/>
</testsuite> <!-- javaautomation_03_testng.TNG_15_Testsuite03 -->
