<?xml version="1.0" encoding="UTF-8"?>
<!-- Generated by org.testng.reporters.JUnitReportReporter -->
<testsuite hostname="DESKTOP-N6P94DG" failures="0" tests="4" name="javaautomation_03_testng.TNG_01_FirstTest" time="0.186" errors="0" timestamp="2024-05-27T12:12:04 IST" skipped="0">
  <testcase classname="javaautomation_03_testng.TNG_01_FirstTest" name="fourthTest" time="0.004"/>
  <testcase classname="javaautomation_03_testng.TNG_01_FirstTest" name="firstTestabcd" time="0.161"/>
  <testcase classname="javaautomation_03_testng.TNG_01_FirstTest" name="secondTest" time="0.007"/>
  <testcase classname="javaautomation_03_testng.TNG_01_FirstTest" name="thirddTest" time="0.014"/>
</testsuite> <!-- javaautomation_03_testng.TNG_01_FirstTest -->
