<?xml version="1.0" encoding="UTF-8"?>
<!-- Generated by org.testng.reporters.JUnitReportReporter -->
<testsuite hostname="DESKTOP-N6P94DG" failures="0" tests="3" name="javaautomation_03_testng.TNG_11_ParallelExecution_02" time="50.292" errors="0" timestamp="2024-05-28T10:02:49 IST" skipped="0">
  <testcase classname="javaautomation_03_testng.TNG_11_ParallelExecution_02" name="testCase6" time="10.101"/>
  <testcase classname="javaautomation_03_testng.TNG_11_ParallelExecution_02" name="testCase5" time="20.068"/>
  <testcase classname="javaautomation_03_testng.TNG_11_ParallelExecution_02" name="testCase4" time="20.123"/>
</testsuite> <!-- javaautomation_03_testng.TNG_11_ParallelExecution_02 -->
