<?xml version="1.0" encoding="UTF-8"?>
<!-- Generated by org.testng.reporters.JUnitReportReporter -->
<testsuite hostname="DESKTOP-N6P94DG" failures="0" tests="1" name="pageobject.Testexeution" time="0.392" errors="0" timestamp="2024-02-22T12:51:31 IST" skipped="0">
  <testcase classname="pageobject.Testexeution" name="test_Home_Page_Appear_Correct" time="0.392"/>
</testsuite> <!-- pageobject.Testexeution -->
