<?xml version="1.0" encoding="UTF-8"?>
<!-- Generated by org.testng.reporters.JUnitReportReporter -->
<testsuite hostname="DESKTOP-N6P94DG" failures="0" tests="3" name="javaautomation_03_testng.TNG_15_TestSuite01" time="0.016" errors="0" timestamp="2024-05-28T10:17:00 IST" skipped="0">
  <testcase classname="javaautomation_03_testng.TNG_15_TestSuite01" name="addVendor" time="0.007"/>
  <testcase classname="javaautomation_03_testng.TNG_15_TestSuite01" name="addProduct" time="0.002"/>
  <testcase classname="javaautomation_03_testng.TNG_15_TestSuite01" name="addCurrency" time="0.007"/>
</testsuite> <!-- javaautomation_03_testng.TNG_15_TestSuite01 -->
