<?xml version="1.0" encoding="UTF-8"?>
<!-- Generated by org.testng.reporters.JUnitReportReporter -->
<testsuite hostname="DESKTOP-N6P94DG" failures="0" tests="1" name="javaautomation_05_grid.Grid_01_Firefox" time="15.741" errors="0" timestamp="2024-02-23T11:34:38 IST" skipped="0">
  <testcase classname="javaautomation_05_grid.Grid_01_Firefox" name="f" time="15.741"/>
</testsuite> <!-- javaautomation_05_grid.Grid_01_Firefox -->
