<?xml version="1.0" encoding="UTF-8"?>
<!-- Generated by org.testng.reporters.JUnitReportReporter -->
<testsuite hostname="DESKTOP-N6P94DG" failures="0" tests="6" name="javaautomation_03_testng.TNG_12_Crossbrowser" time="11.795" errors="0" timestamp="2024-05-28T10:06:49 IST" skipped="0">
  <testcase classname="javaautomation_03_testng.TNG_12_Crossbrowser" name="testLogin" time="0.830"/>
  <testcase classname="javaautomation_03_testng.TNG_12_Crossbrowser" name="testGmail" time="3.549"/>
  <testcase classname="javaautomation_03_testng.TNG_12_Crossbrowser" name="testLogin" time="0.808"/>
  <testcase classname="javaautomation_03_testng.TNG_12_Crossbrowser" name="testLogin" time="1.428"/>
  <testcase classname="javaautomation_03_testng.TNG_12_Crossbrowser" name="testGmail" time="2.677"/>
  <testcase classname="javaautomation_03_testng.TNG_12_Crossbrowser" name="testGmail" time="2.503"/>
</testsuite> <!-- javaautomation_03_testng.TNG_12_Crossbrowser -->
