<?xml version="1.0" encoding="UTF-8"?>
<!-- Generated by org.testng.reporters.JUnitReportReporter -->
<testsuite hostname="DESKTOP-N6P94DG" failures="0" tests="1" name="javaautomation_03_testng.TNG_05_InvocationCounter" time="10.459" errors="0" timestamp="2024-05-27T12:49:33 IST" skipped="0">
  <testcase classname="javaautomation_03_testng.TNG_05_InvocationCounter" name="f1" time="10.459"/>
</testsuite> <!-- javaautomation_03_testng.TNG_05_InvocationCounter -->
