<?xml version="1.0" encoding="UTF-8"?>
<!-- Generated by org.testng.reporters.JUnitReportReporter -->
<testsuite hostname="DESKTOP-N6P94DG" failures="0" tests="3" name="javaautomation_03_testng.TNG_11_ParallelExecution_01" time="60.269" errors="0" timestamp="2024-05-28T10:02:49 IST" skipped="0">
  <testcase classname="javaautomation_03_testng.TNG_11_ParallelExecution_01" name="testCase2" time="20.095"/>
  <testcase classname="javaautomation_03_testng.TNG_11_ParallelExecution_01" name="testCase1" time="20.085"/>
  <testcase classname="javaautomation_03_testng.TNG_11_ParallelExecution_01" name="testCase3" time="20.089"/>
</testsuite> <!-- javaautomation_03_testng.TNG_11_ParallelExecution_01 -->
