<?xml version="1.0" encoding="UTF-8"?>
<!-- Generated by org.testng.reporters.JUnitReportReporter -->
<testsuite hostname="DESKTOP-N6P94DG" failures="0" tests="3" name="javaautomation_06_framework.Framework_01_Test" time="107.170" errors="0" timestamp="2024-05-28T12:36:57 IST" skipped="0">
  <testcase classname="javaautomation_06_framework.Framework_01_Test" name="testPageSource" time="39.428"/>
  <testcase classname="javaautomation_06_framework.Framework_01_Test" name="testHomePageTitle" time="33.582"/>
  <testcase classname="javaautomation_06_framework.Framework_01_Test" name="testCurrentUrl" time="34.160"/>
</testsuite> <!-- javaautomation_06_framework.Framework_01_Test -->
