<?xml version="1.0" encoding="UTF-8"?>
<!-- Generated by org.testng.reporters.JUnitReportReporter -->
<testsuite hostname="DESKTOP-N6P94DG" failures="0" tests="2" name="javaautomation_03_testng.TNG_08_Parameters" time="0.019" errors="0" timestamp="2024-05-27T12:59:44 IST" skipped="0">
  <testcase classname="javaautomation_03_testng.TNG_08_Parameters" name="dataDrivenTest" time="0.017"/>
  <testcase classname="javaautomation_03_testng.TNG_08_Parameters" name="dataDrivenTest" time="0.002"/>
</testsuite> <!-- javaautomation_03_testng.TNG_08_Parameters -->
