<?xml version="1.0" encoding="UTF-8"?>
<!-- Generated by org.testng.reporters.JUnitReportReporter -->
<testsuite hostname="DESKTOP-N6P94DG" failures="0" tests="4" name="javaautomation_03_testng.TNG_09_Grouping" time="0.098" errors="0" timestamp="2024-05-28T09:52:03 IST" skipped="0">
  <testcase classname="javaautomation_03_testng.TNG_09_Grouping" name="login" time="0.053"/>
  <testcase classname="javaautomation_03_testng.TNG_09_Grouping" name="search" time="0.012"/>
  <testcase classname="javaautomation_03_testng.TNG_09_Grouping" name="fundTransfer" time="0.017"/>
  <testcase classname="javaautomation_03_testng.TNG_09_Grouping" name="logout" time="0.016"/>
</testsuite> <!-- javaautomation_03_testng.TNG_09_Grouping -->
