<?xml version="1.0" encoding="UTF-8"?>
<!-- Generated by org.testng.reporters.JUnitReportReporter -->
<testsuite hostname="DESKTOP-N6P94DG" failures="0" tests="2" name="javaautomation_03_testng.TNG_10_BeforeGroup" time="0.026" errors="0" timestamp="2024-05-28T09:53:48 IST" skipped="0">
  <testcase classname="javaautomation_03_testng.TNG_10_BeforeGroup" name="openReal" time="0.008"/>
  <testcase classname="javaautomation_03_testng.TNG_10_BeforeGroup" name="openDummy" time="0.018"/>
</testsuite> <!-- javaautomation_03_testng.TNG_10_BeforeGroup -->
