<?xml version="1.0" encoding="UTF-8"?>
<!-- Generated by org.testng.reporters.JUnitReportReporter -->
<testsuite hostname="DESKTOP-N6P94DG" failures="0" tests="2" name="javaautomation_06_framework.Framework_02_GoogleTest" time="32.969" errors="0" timestamp="2024-05-28T13:21:02 IST" skipped="0">
  <testcase classname="javaautomation_06_framework.Framework_02_GoogleTest" name="testPartialGmailLink" time="16.687"/>
  <testcase classname="javaautomation_06_framework.Framework_02_GoogleTest" name="testGmailLink" time="16.282"/>
</testsuite> <!-- javaautomation_06_framework.Framework_02_GoogleTest -->
