<?xml version="1.0" encoding="UTF-8"?>
<!-- Generated by org.testng.reporters.JUnitReportReporter -->
<testsuite hostname="DESKTOP-N6P94DG" failures="0" tests="2" name="javaautomation_06_framework.Framework_02_SeleniumTest" time="20.867" errors="0" timestamp="2024-05-28T13:21:02 IST" skipped="0">
  <testcase classname="javaautomation_06_framework.Framework_02_SeleniumTest" name="testXpath" time="9.981"/>
  <testcase classname="javaautomation_06_framework.Framework_02_SeleniumTest" name="testCssSelector" time="10.886"/>
</testsuite> <!-- javaautomation_06_framework.Framework_02_SeleniumTest -->
