<?xml version="1.0" encoding="UTF-8"?>
<!-- Generated by org.testng.reporters.JUnitReportReporter -->
<testsuite hostname="DESKTOP-N6P94DG" failures="0" tests="1" name="javaautomation_05_grid.Grid_01_Chrome2" time="12.743" errors="0" timestamp="2024-02-23T11:34:38 IST" skipped="0">
  <testcase classname="javaautomation_05_grid.Grid_01_Chrome2" name="f" time="12.743"/>
</testsuite> <!-- javaautomation_05_grid.Grid_01_Chrome2 -->
