<?xml version="1.0" encoding="UTF-8"?>
<!-- Generated by org.testng.reporters.JUnitReportReporter -->
<testsuite hostname="DESKTOP-N6P94DG" failures="0" tests="1" name="javaautomation_04_pageObject.Testexeution" time="0.790" errors="0" timestamp="2024-05-28T11:27:52 IST" skipped="0">
  <testcase classname="javaautomation_04_pageObject.Testexeution" name="test_Home_Page_Appear_Correct" time="0.790"/>
</testsuite> <!-- javaautomation_04_pageObject.Testexeution -->
